<?xml version="1.0" encoding="UTF-8"?>
<testsuite xmlns:xsi="http://www.w3.org/2001/XMLSchema-instance" xsi:noNamespaceSchemaLocation="https://maven.apache.org/surefire/maven-surefire-plugin/xsd/surefire-test-report-3.0.xsd" version="3.0" name="visualization.CovidDataVisualizerTest" time="0.716" tests="3" errors="0" skipped="0" failures="0">
  <properties>
    <property name="java.specification.version" value="23"/>
    <property name="sun.cpu.isalist" value="amd64"/>
    <property name="sun.jnu.encoding" value="Cp1252"/>
    <property name="java.class.path" value="C:\Users\samer\OOP_Project\target\test-classes;C:\Users\samer\OOP_Project\target\classes;C:\Users\samer\.m2\repository\org\postgresql\postgresql\42.7.2\postgresql-42.7.2.jar;C:\Users\samer\.m2\repository\org\checkerframework\checker-qual\3.42.0\checker-qual-3.42.0.jar;C:\Users\samer\.m2\repository\org\apache\commons\commons-csv\1.10.0\commons-csv-1.10.0.jar;C:\Users\samer\.m2\repository\com\fasterxml\jackson\core\jackson-databind\2.16.1\jackson-databind-2.16.1.jar;C:\Users\samer\.m2\repository\com\fasterxml\jackson\core\jackson-annotations\2.16.1\jackson-annotations-2.16.1.jar;C:\Users\samer\.m2\repository\com\fasterxml\jackson\core\jackson-core\2.16.1\jackson-core-2.16.1.jar;C:\Users\samer\.m2\repository\org\slf4j\slf4j-api\2.0.11\slf4j-api-2.0.11.jar;C:\Users\samer\.m2\repository\ch\qos\logback\logback-classic\1.4.14\logback-classic-1.4.14.jar;C:\Users\samer\.m2\repository\ch\qos\logback\logback-core\1.4.14\logback-core-1.4.14.jar;C:\Users\samer\.m2\repository\org\jfree\jfreechart\1.5.4\jfreechart-1.5.4.jar;C:\Users\samer\.m2\repository\org\apache\commons\commons-math3\3.6.1\commons-math3-3.6.1.jar;C:\Users\samer\.m2\repository\org\tribuo\tribuo-core\4.3.1\tribuo-core-4.3.1.jar;C:\Users\samer\.m2\repository\com\oracle\labs\olcut\olcut-config-protobuf\5.2.1\olcut-config-protobuf-5.2.1.jar;C:\Users\samer\.m2\repository\com\google\protobuf\protobuf-java\3.19.6\protobuf-java-3.19.6.jar;C:\Users\samer\.m2\repository\org\tribuo\tribuo-data\4.3.1\tribuo-data-4.3.1.jar;C:\Users\samer\.m2\repository\com\opencsv\opencsv\5.7.1\opencsv-5.7.1.jar;C:\Users\samer\.m2\repository\org\apache\commons\commons-text\1.10.0\commons-text-1.10.0.jar;C:\Users\samer\.m2\repository\commons-beanutils\commons-beanutils\1.9.4\commons-beanutils-1.9.4.jar;C:\Users\samer\.m2\repository\commons-collections\commons-collections\3.2.2\commons-collections-3.2.2.jar;C:\Users\samer\.m2\repository\org\apache\commons\commons-collections4\4.4\commons-collections4-4.4.jar;C:\Users\samer\.m2\repository\org\apache\commons\commons-lang3\3.12.0\commons-lang3-3.12.0.jar;C:\Users\samer\.m2\repository\org\tribuo\tribuo-json\4.3.1\tribuo-json-4.3.1.jar;C:\Users\samer\.m2\repository\com\oracle\labs\olcut\olcut-config-json\5.2.1\olcut-config-json-5.2.1.jar;C:\Users\samer\.m2\repository\org\tribuo\tribuo-math\4.3.1\tribuo-math-4.3.1.jar;C:\Users\samer\.m2\repository\org\tribuo\tribuo-common-liblinear\4.3.1\tribuo-common-liblinear-4.3.1.jar;C:\Users\samer\.m2\repository\de\bwaldvogel\liblinear\2.44\liblinear-2.44.jar;C:\Users\samer\.m2\repository\org\tribuo\tribuo-common-libsvm\4.3.1\tribuo-common-libsvm-4.3.1.jar;C:\Users\samer\.m2\repository\tw\edu\ntu\csie\libsvm\3.25\libsvm-3.25.jar;C:\Users\samer\.m2\repository\org\tribuo\tribuo-common-nearest-neighbour\4.3.1\tribuo-common-nearest-neighbour-4.3.1.jar;C:\Users\samer\.m2\repository\org\tribuo\tribuo-common-sgd\4.3.1\tribuo-common-sgd-4.3.1.jar;C:\Users\samer\.m2\repository\org\tribuo\tribuo-common-tree\4.3.1\tribuo-common-tree-4.3.1.jar;C:\Users\samer\.m2\repository\org\tribuo\tribuo-common-xgboost\4.3.1\tribuo-common-xgboost-4.3.1.jar;C:\Users\samer\.m2\repository\ml\dmlc\xgboost4j_2.12\1.6.2\xgboost4j_2.12-1.6.2.jar;C:\Users\samer\.m2\repository\com\esotericsoftware\kryo\4.0.2\kryo-4.0.2.jar;C:\Users\samer\.m2\repository\com\esotericsoftware\reflectasm\1.11.3\reflectasm-1.11.3.jar;C:\Users\samer\.m2\repository\com\esotericsoftware\minlog\1.3.0\minlog-1.3.0.jar;C:\Users\samer\.m2\repository\org\objenesis\objenesis\2.5.1\objenesis-2.5.1.jar;C:\Users\samer\.m2\repository\commons-logging\commons-logging\1.2\commons-logging-1.2.jar;C:\Users\samer\.m2\repository\org\tribuo\tribuo-interop-core\4.3.1\tribuo-interop-core-4.3.1.jar;C:\Users\samer\.m2\repository\org\tribuo\tribuo-oci\4.3.1\tribuo-oci-4.3.1.jar;C:\Users\samer\.m2\repository\com\oracle\oci\sdk\oci-java-sdk-datascience\2.46.0\oci-java-sdk-datascience-2.46.0.jar;C:\Users\samer\.m2\repository\com\oracle\oci\sdk\oci-java-sdk-common\2.46.0\oci-java-sdk-common-2.46.0.jar;C:\Users\samer\.m2\repository\com\google\guava\guava\31.0.1-jre\guava-31.0.1-jre.jar;C:\Users\samer\.m2\repository\com\google\guava\failureaccess\1.0.1\failureaccess-1.0.1.jar;C:\Users\samer\.m2\repository\com\google\guava\listenablefuture\9999.0-empty-to-avoid-conflict-with-guava\listenablefuture-9999.0-empty-to-avoid-conflict-with-guava.jar;C:\Users\samer\.m2\repository\com\google\errorprone\error_prone_annotations\2.7.1\error_prone_annotations-2.7.1.jar;C:\Users\samer\.m2\repository\com\google\j2objc\j2objc-annotations\1.3\j2objc-annotations-1.3.jar;C:\Users\samer\.m2\repository\com\google\code\findbugs\jsr305\3.0.2\jsr305-3.0.2.jar;C:\Users\samer\.m2\repository\jakarta\annotation\jakarta.annotation-api\1.3.5\jakarta.annotation-api-1.3.5.jar;C:\Users\samer\.m2\repository\org\glassfish\jersey\core\jersey-client\2.35\jersey-client-2.35.jar;C:\Users\samer\.m2\repository\org\glassfish\hk2\external\jakarta.inject\2.6.1\jakarta.inject-2.6.1.jar;C:\Users\samer\.m2\repository\org\glassfish\jersey\core\jersey-common\2.35\jersey-common-2.35.jar;C:\Users\samer\.m2\repository\org\glassfish\hk2\osgi-resource-locator\1.0.3\osgi-resource-locator-1.0.3.jar;C:\Users\samer\.m2\repository\org\glassfish\jersey\media\jersey-media-json-jackson\2.35\jersey-media-json-jackson-2.35.jar;C:\Users\samer\.m2\repository\org\glassfish\jersey\ext\jersey-entity-filtering\2.35\jersey-entity-filtering-2.35.jar;C:\Users\samer\.m2\repository\com\fasterxml\jackson\module\jackson-module-jaxb-annotations\2.12.2\jackson-module-jaxb-annotations-2.12.2.jar;C:\Users\samer\.m2\repository\org\bouncycastle\bcpkix-jdk15on\1.70\bcpkix-jdk15on-1.70.jar;C:\Users\samer\.m2\repository\org\bouncycastle\bcutil-jdk15on\1.70\bcutil-jdk15on-1.70.jar;C:\Users\samer\.m2\repository\org\bouncycastle\bcprov-jdk15on\1.70\bcprov-jdk15on-1.70.jar;C:\Users\samer\.m2\repository\com\nimbusds\nimbus-jose-jwt\9.15.2\nimbus-jose-jwt-9.15.2.jar;C:\Users\samer\.m2\repository\com\github\stephenc\jcip\jcip-annotations\1.0-1\jcip-annotations-1.0-1.jar;C:\Users\samer\.m2\repository\io\github\resilience4j\resilience4j-circuitbreaker\1.7.1\resilience4j-circuitbreaker-1.7.1.jar;C:\Users\samer\.m2\repository\io\vavr\vavr\0.10.2\vavr-0.10.2.jar;C:\Users\samer\.m2\repository\io\vavr\vavr-match\0.10.2\vavr-match-0.10.2.jar;C:\Users\samer\.m2\repository\io\github\resilience4j\resilience4j-core\1.7.1\resilience4j-core-1.7.1.jar;C:\Users\samer\.m2\repository\com\oracle\oci\sdk\oci-java-sdk-circuitbreaker\2.46.0\oci-java-sdk-circuitbreaker-2.46.0.jar;C:\Users\samer\.m2\repository\org\glassfish\jersey\inject\jersey-hk2\2.35\jersey-hk2-2.35.jar;C:\Users\samer\.m2\repository\org\glassfish\hk2\hk2-locator\2.6.1\hk2-locator-2.6.1.jar;C:\Users\samer\.m2\repository\org\glassfish\hk2\external\aopalliance-repackaged\2.6.1\aopalliance-repackaged-2.6.1.jar;C:\Users\samer\.m2\repository\org\glassfish\hk2\hk2-api\2.6.1\hk2-api-2.6.1.jar;C:\Users\samer\.m2\repository\org\glassfish\hk2\hk2-utils\2.6.1\hk2-utils-2.6.1.jar;C:\Users\samer\.m2\repository\org\javassist\javassist\3.25.0-GA\javassist-3.25.0-GA.jar;C:\Users\samer\.m2\repository\org\glassfish\jersey\connectors\jersey-apache-connector\2.35\jersey-apache-connector-2.35.jar;C:\Users\samer\.m2\repository\org\apache\httpcomponents\httpclient\4.5.13\httpclient-4.5.13.jar;C:\Users\samer\.m2\repository\org\apache\httpcomponents\httpcore\4.4.13\httpcore-4.4.13.jar;C:\Users\samer\.m2\repository\javax\annotation\javax.annotation-api\1.3.2\javax.annotation-api-1.3.2.jar;C:\Users\samer\.m2\repository\jakarta\ws\rs\jakarta.ws.rs-api\2.1.6\jakarta.ws.rs-api-2.1.6.jar;C:\Users\samer\.m2\repository\commons-codec\commons-codec\1.15\commons-codec-1.15.jar;C:\Users\samer\.m2\repository\jakarta\activation\jakarta.activation-api\1.2.2\jakarta.activation-api-1.2.2.jar;C:\Users\samer\.m2\repository\jakarta\xml\bind\jakarta.xml.bind-api\2.3.3\jakarta.xml.bind-api-2.3.3.jar;C:\Users\samer\.m2\repository\org\tribuo\tribuo-onnx\4.3.1\tribuo-onnx-4.3.1.jar;C:\Users\samer\.m2\repository\com\microsoft\onnxruntime\onnxruntime\1.12.1\onnxruntime-1.12.1.jar;C:\Users\samer\.m2\repository\org\tribuo\tribuo-tensorflow\4.3.1\tribuo-tensorflow-4.3.1.jar;C:\Users\samer\.m2\repository\org\tensorflow\tensorflow-core-api\0.4.2\tensorflow-core-api-0.4.2.jar;C:\Users\samer\.m2\repository\org\bytedeco\javacpp\1.5.6\javacpp-1.5.6.jar;C:\Users\samer\.m2\repository\org\tensorflow\ndarray\0.3.3\ndarray-0.3.3.jar;C:\Users\samer\.m2\repository\org\tensorflow\tensorflow-core-platform\0.4.2\tensorflow-core-platform-0.4.2.jar;C:\Users\samer\.m2\repository\org\bytedeco\javacpp\1.5.6\javacpp-1.5.6-linux-x86_64.jar;C:\Users\samer\.m2\repository\org\bytedeco\javacpp\1.5.6\javacpp-1.5.6-macosx-x86_64.jar;C:\Users\samer\.m2\repository\org\bytedeco\javacpp\1.5.6\javacpp-1.5.6-windows-x86_64.jar;C:\Users\samer\.m2\repository\org\tensorflow\tensorflow-core-api\0.4.2\tensorflow-core-api-0.4.2-linux-x86_64.jar;C:\Users\samer\.m2\repository\org\tensorflow\tensorflow-core-api\0.4.2\tensorflow-core-api-0.4.2-macosx-x86_64.jar;C:\Users\samer\.m2\repository\org\tensorflow\tensorflow-core-api\0.4.2\tensorflow-core-api-0.4.2-windows-x86_64.jar;C:\Users\samer\.m2\repository\org\tensorflow\tensorflow-framework\0.4.2\tensorflow-framework-0.4.2.jar;C:\Users\samer\.m2\repository\org\tribuo\tribuo-classification-core\4.3.1\tribuo-classification-core-4.3.1.jar;C:\Users\samer\.m2\repository\org\tribuo\tribuo-classification-tree\4.3.1\tribuo-classification-tree-4.3.1.jar;C:\Users\samer\.m2\repository\org\tribuo\tribuo-classification-experiments\4.3.1\tribuo-classification-experiments-4.3.1.jar;C:\Users\samer\.m2\repository\org\tribuo\tribuo-classification-explanations\4.3.1\tribuo-classification-explanations-4.3.1.jar;C:\Users\samer\.m2\repository\org\tribuo\tribuo-classification-fs\4.3.1\tribuo-classification-fs-4.3.1.jar;C:\Users\samer\.m2\repository\org\tribuo\tribuo-classification-liblinear\4.3.1\tribuo-classification-liblinear-4.3.1.jar;C:\Users\samer\.m2\repository\org\tribuo\tribuo-classification-libsvm\4.3.1\tribuo-classification-libsvm-4.3.1.jar;C:\Users\samer\.m2\repository\org\tribuo\tribuo-classification-mnnaivebayes\4.3.1\tribuo-classification-mnnaivebayes-4.3.1.jar;C:\Users\samer\.m2\repository\org\tribuo\tribuo-classification-sgd\4.3.1\tribuo-classification-sgd-4.3.1.jar;C:\Users\samer\.m2\repository\org\tribuo\tribuo-classification-xgboost\4.3.1\tribuo-classification-xgboost-4.3.1.jar;C:\Users\samer\.m2\repository\org\tribuo\tribuo-regression-core\4.3.1\tribuo-regression-core-4.3.1.jar;C:\Users\samer\.m2\repository\org\tribuo\tribuo-regression-liblinear\4.3.1\tribuo-regression-liblinear-4.3.1.jar;C:\Users\samer\.m2\repository\org\tribuo\tribuo-regression-libsvm\4.3.1\tribuo-regression-libsvm-4.3.1.jar;C:\Users\samer\.m2\repository\org\tribuo\tribuo-regression-sgd\4.3.1\tribuo-regression-sgd-4.3.1.jar;C:\Users\samer\.m2\repository\org\tribuo\tribuo-regression-slm\4.3.1\tribuo-regression-slm-4.3.1.jar;C:\Users\samer\.m2\repository\org\tribuo\tribuo-regression-tree\4.3.1\tribuo-regression-tree-4.3.1.jar;C:\Users\samer\.m2\repository\org\tribuo\tribuo-regression-xgboost\4.3.1\tribuo-regression-xgboost-4.3.1.jar;C:\Users\samer\.m2\repository\org\tribuo\tribuo-multilabel-core\4.3.1\tribuo-multilabel-core-4.3.1.jar;C:\Users\samer\.m2\repository\org\tribuo\tribuo-multilabel-sgd\4.3.1\tribuo-multilabel-sgd-4.3.1.jar;C:\Users\samer\.m2\repository\org\tribuo\tribuo-clustering-core\4.3.1\tribuo-clustering-core-4.3.1.jar;C:\Users\samer\.m2\repository\org\tribuo\tribuo-clustering-kmeans\4.3.1\tribuo-clustering-kmeans-4.3.1.jar;C:\Users\samer\.m2\repository\org\tribuo\tribuo-clustering-hdbscan\4.3.1\tribuo-clustering-hdbscan-4.3.1.jar;C:\Users\samer\.m2\repository\org\tribuo\tribuo-anomaly-core\4.3.1\tribuo-anomaly-core-4.3.1.jar;C:\Users\samer\.m2\repository\org\tribuo\tribuo-anomaly-liblinear\4.3.1\tribuo-anomaly-liblinear-4.3.1.jar;C:\Users\samer\.m2\repository\org\tribuo\tribuo-anomaly-libsvm\4.3.1\tribuo-anomaly-libsvm-4.3.1.jar;C:\Users\samer\.m2\repository\org\tribuo\tribuo-util-infotheory\4.3.1\tribuo-util-infotheory-4.3.1.jar;C:\Users\samer\.m2\repository\org\tribuo\tribuo-util-onnx\4.3.1\tribuo-util-onnx-4.3.1.jar;C:\Users\samer\.m2\repository\org\tribuo\tribuo-util-tokenization\4.3.1\tribuo-util-tokenization-4.3.1.jar;C:\Users\samer\.m2\repository\com\oracle\labs\olcut\olcut-core\5.2.1\olcut-core-5.2.1.jar;C:\Users\samer\.m2\repository\org\jline\jline-terminal\3.21.0\jline-terminal-3.21.0.jar;C:\Users\samer\.m2\repository\org\jline\jline-reader\3.21.0\jline-reader-3.21.0.jar;C:\Users\samer\.m2\repository\org\jline\jline-builtins\3.21.0\jline-builtins-3.21.0.jar;C:\Users\samer\.m2\repository\org\jline\jline-style\3.21.0\jline-style-3.21.0.jar;C:\Users\samer\.m2\repository\org\jline\jline-terminal-jansi\3.21.0\jline-terminal-jansi-3.21.0.jar;C:\Users\samer\.m2\repository\org\fusesource\jansi\jansi\2.4.0\jansi-2.4.0.jar;C:\Users\samer\.m2\repository\org\junit\jupiter\junit-jupiter\5.10.1\junit-jupiter-5.10.1.jar;C:\Users\samer\.m2\repository\org\junit\jupiter\junit-jupiter-api\5.10.1\junit-jupiter-api-5.10.1.jar;C:\Users\samer\.m2\repository\org\opentest4j\opentest4j\1.3.0\opentest4j-1.3.0.jar;C:\Users\samer\.m2\repository\org\junit\platform\junit-platform-commons\1.10.1\junit-platform-commons-1.10.1.jar;C:\Users\samer\.m2\repository\org\apiguardian\apiguardian-api\1.1.2\apiguardian-api-1.1.2.jar;C:\Users\samer\.m2\repository\org\junit\jupiter\junit-jupiter-params\5.10.1\junit-jupiter-params-5.10.1.jar;C:\Users\samer\.m2\repository\org\junit\jupiter\junit-jupiter-engine\5.10.1\junit-jupiter-engine-5.10.1.jar;C:\Users\samer\.m2\repository\org\junit\platform\junit-platform-engine\1.10.1\junit-platform-engine-1.10.1.jar;C:\Users\samer\.m2\repository\org\json\json\20231013\json-20231013.jar;"/>
    <property name="sun.awt.enableExtraMouseButtons" value="true"/>
    <property name="java.vm.vendor" value="Oracle Corporation"/>
    <property name="sun.arch.data.model" value="64"/>
    <property name="user.variant" value=""/>
    <property name="java.vendor.url" value="https://java.oracle.com/"/>
    <property name="user.timezone" value="Africa/Tunis"/>
    <property name="user.country.format" value="TN"/>
    <property name="os.name" value="Windows 11"/>
    <property name="java.vm.specification.version" value="23"/>
    <property name="sun.java.launcher" value="SUN_STANDARD"/>
    <property name="user.country" value="GB"/>
    <property name="sun.boot.library.path" value="C:\Program Files\Java\jdk-23\bin"/>
    <property name="sun.java.command" value="C:\Users\samer\AppData\Local\Temp\surefire12110401179804462047\surefirebooter-20250123210620413_3.jar C:\Users\samer\AppData\Local\Temp\surefire12110401179804462047 2025-01-23T21-06-18_083-jvmRun1 surefire-20250123210620413_1tmp surefire_0-20250123210620413_2tmp"/>
    <property name="jdk.debug" value="release"/>
    <property name="surefire.test.class.path" value="C:\Users\samer\OOP_Project\target\test-classes;C:\Users\samer\OOP_Project\target\classes;C:\Users\samer\.m2\repository\org\postgresql\postgresql\42.7.2\postgresql-42.7.2.jar;C:\Users\samer\.m2\repository\org\checkerframework\checker-qual\3.42.0\checker-qual-3.42.0.jar;C:\Users\samer\.m2\repository\org\apache\commons\commons-csv\1.10.0\commons-csv-1.10.0.jar;C:\Users\samer\.m2\repository\com\fasterxml\jackson\core\jackson-databind\2.16.1\jackson-databind-2.16.1.jar;C:\Users\samer\.m2\repository\com\fasterxml\jackson\core\jackson-annotations\2.16.1\jackson-annotations-2.16.1.jar;C:\Users\samer\.m2\repository\com\fasterxml\jackson\core\jackson-core\2.16.1\jackson-core-2.16.1.jar;C:\Users\samer\.m2\repository\org\slf4j\slf4j-api\2.0.11\slf4j-api-2.0.11.jar;C:\Users\samer\.m2\repository\ch\qos\logback\logback-classic\1.4.14\logback-classic-1.4.14.jar;C:\Users\samer\.m2\repository\ch\qos\logback\logback-core\1.4.14\logback-core-1.4.14.jar;C:\Users\samer\.m2\repository\org\jfree\jfreechart\1.5.4\jfreechart-1.5.4.jar;C:\Users\samer\.m2\repository\org\apache\commons\commons-math3\3.6.1\commons-math3-3.6.1.jar;C:\Users\samer\.m2\repository\org\tribuo\tribuo-core\4.3.1\tribuo-core-4.3.1.jar;C:\Users\samer\.m2\repository\com\oracle\labs\olcut\olcut-config-protobuf\5.2.1\olcut-config-protobuf-5.2.1.jar;C:\Users\samer\.m2\repository\com\google\protobuf\protobuf-java\3.19.6\protobuf-java-3.19.6.jar;C:\Users\samer\.m2\repository\org\tribuo\tribuo-data\4.3.1\tribuo-data-4.3.1.jar;C:\Users\samer\.m2\repository\com\opencsv\opencsv\5.7.1\opencsv-5.7.1.jar;C:\Users\samer\.m2\repository\org\apache\commons\commons-text\1.10.0\commons-text-1.10.0.jar;C:\Users\samer\.m2\repository\commons-beanutils\commons-beanutils\1.9.4\commons-beanutils-1.9.4.jar;C:\Users\samer\.m2\repository\commons-collections\commons-collections\3.2.2\commons-collections-3.2.2.jar;C:\Users\samer\.m2\repository\org\apache\commons\commons-collections4\4.4\commons-collections4-4.4.jar;C:\Users\samer\.m2\repository\org\apache\commons\commons-lang3\3.12.0\commons-lang3-3.12.0.jar;C:\Users\samer\.m2\repository\org\tribuo\tribuo-json\4.3.1\tribuo-json-4.3.1.jar;C:\Users\samer\.m2\repository\com\oracle\labs\olcut\olcut-config-json\5.2.1\olcut-config-json-5.2.1.jar;C:\Users\samer\.m2\repository\org\tribuo\tribuo-math\4.3.1\tribuo-math-4.3.1.jar;C:\Users\samer\.m2\repository\org\tribuo\tribuo-common-liblinear\4.3.1\tribuo-common-liblinear-4.3.1.jar;C:\Users\samer\.m2\repository\de\bwaldvogel\liblinear\2.44\liblinear-2.44.jar;C:\Users\samer\.m2\repository\org\tribuo\tribuo-common-libsvm\4.3.1\tribuo-common-libsvm-4.3.1.jar;C:\Users\samer\.m2\repository\tw\edu\ntu\csie\libsvm\3.25\libsvm-3.25.jar;C:\Users\samer\.m2\repository\org\tribuo\tribuo-common-nearest-neighbour\4.3.1\tribuo-common-nearest-neighbour-4.3.1.jar;C:\Users\samer\.m2\repository\org\tribuo\tribuo-common-sgd\4.3.1\tribuo-common-sgd-4.3.1.jar;C:\Users\samer\.m2\repository\org\tribuo\tribuo-common-tree\4.3.1\tribuo-common-tree-4.3.1.jar;C:\Users\samer\.m2\repository\org\tribuo\tribuo-common-xgboost\4.3.1\tribuo-common-xgboost-4.3.1.jar;C:\Users\samer\.m2\repository\ml\dmlc\xgboost4j_2.12\1.6.2\xgboost4j_2.12-1.6.2.jar;C:\Users\samer\.m2\repository\com\esotericsoftware\kryo\4.0.2\kryo-4.0.2.jar;C:\Users\samer\.m2\repository\com\esotericsoftware\reflectasm\1.11.3\reflectasm-1.11.3.jar;C:\Users\samer\.m2\repository\com\esotericsoftware\minlog\1.3.0\minlog-1.3.0.jar;C:\Users\samer\.m2\repository\org\objenesis\objenesis\2.5.1\objenesis-2.5.1.jar;C:\Users\samer\.m2\repository\commons-logging\commons-logging\1.2\commons-logging-1.2.jar;C:\Users\samer\.m2\repository\org\tribuo\tribuo-interop-core\4.3.1\tribuo-interop-core-4.3.1.jar;C:\Users\samer\.m2\repository\org\tribuo\tribuo-oci\4.3.1\tribuo-oci-4.3.1.jar;C:\Users\samer\.m2\repository\com\oracle\oci\sdk\oci-java-sdk-datascience\2.46.0\oci-java-sdk-datascience-2.46.0.jar;C:\Users\samer\.m2\repository\com\oracle\oci\sdk\oci-java-sdk-common\2.46.0\oci-java-sdk-common-2.46.0.jar;C:\Users\samer\.m2\repository\com\google\guava\guava\31.0.1-jre\guava-31.0.1-jre.jar;C:\Users\samer\.m2\repository\com\google\guava\failureaccess\1.0.1\failureaccess-1.0.1.jar;C:\Users\samer\.m2\repository\com\google\guava\listenablefuture\9999.0-empty-to-avoid-conflict-with-guava\listenablefuture-9999.0-empty-to-avoid-conflict-with-guava.jar;C:\Users\samer\.m2\repository\com\google\errorprone\error_prone_annotations\2.7.1\error_prone_annotations-2.7.1.jar;C:\Users\samer\.m2\repository\com\google\j2objc\j2objc-annotations\1.3\j2objc-annotations-1.3.jar;C:\Users\samer\.m2\repository\com\google\code\findbugs\jsr305\3.0.2\jsr305-3.0.2.jar;C:\Users\samer\.m2\repository\jakarta\annotation\jakarta.annotation-api\1.3.5\jakarta.annotation-api-1.3.5.jar;C:\Users\samer\.m2\repository\org\glassfish\jersey\core\jersey-client\2.35\jersey-client-2.35.jar;C:\Users\samer\.m2\repository\org\glassfish\hk2\external\jakarta.inject\2.6.1\jakarta.inject-2.6.1.jar;C:\Users\samer\.m2\repository\org\glassfish\jersey\core\jersey-common\2.35\jersey-common-2.35.jar;C:\Users\samer\.m2\repository\org\glassfish\hk2\osgi-resource-locator\1.0.3\osgi-resource-locator-1.0.3.jar;C:\Users\samer\.m2\repository\org\glassfish\jersey\media\jersey-media-json-jackson\2.35\jersey-media-json-jackson-2.35.jar;C:\Users\samer\.m2\repository\org\glassfish\jersey\ext\jersey-entity-filtering\2.35\jersey-entity-filtering-2.35.jar;C:\Users\samer\.m2\repository\com\fasterxml\jackson\module\jackson-module-jaxb-annotations\2.12.2\jackson-module-jaxb-annotations-2.12.2.jar;C:\Users\samer\.m2\repository\org\bouncycastle\bcpkix-jdk15on\1.70\bcpkix-jdk15on-1.70.jar;C:\Users\samer\.m2\repository\org\bouncycastle\bcutil-jdk15on\1.70\bcutil-jdk15on-1.70.jar;C:\Users\samer\.m2\repository\org\bouncycastle\bcprov-jdk15on\1.70\bcprov-jdk15on-1.70.jar;C:\Users\samer\.m2\repository\com\nimbusds\nimbus-jose-jwt\9.15.2\nimbus-jose-jwt-9.15.2.jar;C:\Users\samer\.m2\repository\com\github\stephenc\jcip\jcip-annotations\1.0-1\jcip-annotations-1.0-1.jar;C:\Users\samer\.m2\repository\io\github\resilience4j\resilience4j-circuitbreaker\1.7.1\resilience4j-circuitbreaker-1.7.1.jar;C:\Users\samer\.m2\repository\io\vavr\vavr\0.10.2\vavr-0.10.2.jar;C:\Users\samer\.m2\repository\io\vavr\vavr-match\0.10.2\vavr-match-0.10.2.jar;C:\Users\samer\.m2\repository\io\github\resilience4j\resilience4j-core\1.7.1\resilience4j-core-1.7.1.jar;C:\Users\samer\.m2\repository\com\oracle\oci\sdk\oci-java-sdk-circuitbreaker\2.46.0\oci-java-sdk-circuitbreaker-2.46.0.jar;C:\Users\samer\.m2\repository\org\glassfish\jersey\inject\jersey-hk2\2.35\jersey-hk2-2.35.jar;C:\Users\samer\.m2\repository\org\glassfish\hk2\hk2-locator\2.6.1\hk2-locator-2.6.1.jar;C:\Users\samer\.m2\repository\org\glassfish\hk2\external\aopalliance-repackaged\2.6.1\aopalliance-repackaged-2.6.1.jar;C:\Users\samer\.m2\repository\org\glassfish\hk2\hk2-api\2.6.1\hk2-api-2.6.1.jar;C:\Users\samer\.m2\repository\org\glassfish\hk2\hk2-utils\2.6.1\hk2-utils-2.6.1.jar;C:\Users\samer\.m2\repository\org\javassist\javassist\3.25.0-GA\javassist-3.25.0-GA.jar;C:\Users\samer\.m2\repository\org\glassfish\jersey\connectors\jersey-apache-connector\2.35\jersey-apache-connector-2.35.jar;C:\Users\samer\.m2\repository\org\apache\httpcomponents\httpclient\4.5.13\httpclient-4.5.13.jar;C:\Users\samer\.m2\repository\org\apache\httpcomponents\httpcore\4.4.13\httpcore-4.4.13.jar;C:\Users\samer\.m2\repository\javax\annotation\javax.annotation-api\1.3.2\javax.annotation-api-1.3.2.jar;C:\Users\samer\.m2\repository\jakarta\ws\rs\jakarta.ws.rs-api\2.1.6\jakarta.ws.rs-api-2.1.6.jar;C:\Users\samer\.m2\repository\commons-codec\commons-codec\1.15\commons-codec-1.15.jar;C:\Users\samer\.m2\repository\jakarta\activation\jakarta.activation-api\1.2.2\jakarta.activation-api-1.2.2.jar;C:\Users\samer\.m2\repository\jakarta\xml\bind\jakarta.xml.bind-api\2.3.3\jakarta.xml.bind-api-2.3.3.jar;C:\Users\samer\.m2\repository\org\tribuo\tribuo-onnx\4.3.1\tribuo-onnx-4.3.1.jar;C:\Users\samer\.m2\repository\com\microsoft\onnxruntime\onnxruntime\1.12.1\onnxruntime-1.12.1.jar;C:\Users\samer\.m2\repository\org\tribuo\tribuo-tensorflow\4.3.1\tribuo-tensorflow-4.3.1.jar;C:\Users\samer\.m2\repository\org\tensorflow\tensorflow-core-api\0.4.2\tensorflow-core-api-0.4.2.jar;C:\Users\samer\.m2\repository\org\bytedeco\javacpp\1.5.6\javacpp-1.5.6.jar;C:\Users\samer\.m2\repository\org\tensorflow\ndarray\0.3.3\ndarray-0.3.3.jar;C:\Users\samer\.m2\repository\org\tensorflow\tensorflow-core-platform\0.4.2\tensorflow-core-platform-0.4.2.jar;C:\Users\samer\.m2\repository\org\bytedeco\javacpp\1.5.6\javacpp-1.5.6-linux-x86_64.jar;C:\Users\samer\.m2\repository\org\bytedeco\javacpp\1.5.6\javacpp-1.5.6-macosx-x86_64.jar;C:\Users\samer\.m2\repository\org\bytedeco\javacpp\1.5.6\javacpp-1.5.6-windows-x86_64.jar;C:\Users\samer\.m2\repository\org\tensorflow\tensorflow-core-api\0.4.2\tensorflow-core-api-0.4.2-linux-x86_64.jar;C:\Users\samer\.m2\repository\org\tensorflow\tensorflow-core-api\0.4.2\tensorflow-core-api-0.4.2-macosx-x86_64.jar;C:\Users\samer\.m2\repository\org\tensorflow\tensorflow-core-api\0.4.2\tensorflow-core-api-0.4.2-windows-x86_64.jar;C:\Users\samer\.m2\repository\org\tensorflow\tensorflow-framework\0.4.2\tensorflow-framework-0.4.2.jar;C:\Users\samer\.m2\repository\org\tribuo\tribuo-classification-core\4.3.1\tribuo-classification-core-4.3.1.jar;C:\Users\samer\.m2\repository\org\tribuo\tribuo-classification-tree\4.3.1\tribuo-classification-tree-4.3.1.jar;C:\Users\samer\.m2\repository\org\tribuo\tribuo-classification-experiments\4.3.1\tribuo-classification-experiments-4.3.1.jar;C:\Users\samer\.m2\repository\org\tribuo\tribuo-classification-explanations\4.3.1\tribuo-classification-explanations-4.3.1.jar;C:\Users\samer\.m2\repository\org\tribuo\tribuo-classification-fs\4.3.1\tribuo-classification-fs-4.3.1.jar;C:\Users\samer\.m2\repository\org\tribuo\tribuo-classification-liblinear\4.3.1\tribuo-classification-liblinear-4.3.1.jar;C:\Users\samer\.m2\repository\org\tribuo\tribuo-classification-libsvm\4.3.1\tribuo-classification-libsvm-4.3.1.jar;C:\Users\samer\.m2\repository\org\tribuo\tribuo-classification-mnnaivebayes\4.3.1\tribuo-classification-mnnaivebayes-4.3.1.jar;C:\Users\samer\.m2\repository\org\tribuo\tribuo-classification-sgd\4.3.1\tribuo-classification-sgd-4.3.1.jar;C:\Users\samer\.m2\repository\org\tribuo\tribuo-classification-xgboost\4.3.1\tribuo-classification-xgboost-4.3.1.jar;C:\Users\samer\.m2\repository\org\tribuo\tribuo-regression-core\4.3.1\tribuo-regression-core-4.3.1.jar;C:\Users\samer\.m2\repository\org\tribuo\tribuo-regression-liblinear\4.3.1\tribuo-regression-liblinear-4.3.1.jar;C:\Users\samer\.m2\repository\org\tribuo\tribuo-regression-libsvm\4.3.1\tribuo-regression-libsvm-4.3.1.jar;C:\Users\samer\.m2\repository\org\tribuo\tribuo-regression-sgd\4.3.1\tribuo-regression-sgd-4.3.1.jar;C:\Users\samer\.m2\repository\org\tribuo\tribuo-regression-slm\4.3.1\tribuo-regression-slm-4.3.1.jar;C:\Users\samer\.m2\repository\org\tribuo\tribuo-regression-tree\4.3.1\tribuo-regression-tree-4.3.1.jar;C:\Users\samer\.m2\repository\org\tribuo\tribuo-regression-xgboost\4.3.1\tribuo-regression-xgboost-4.3.1.jar;C:\Users\samer\.m2\repository\org\tribuo\tribuo-multilabel-core\4.3.1\tribuo-multilabel-core-4.3.1.jar;C:\Users\samer\.m2\repository\org\tribuo\tribuo-multilabel-sgd\4.3.1\tribuo-multilabel-sgd-4.3.1.jar;C:\Users\samer\.m2\repository\org\tribuo\tribuo-clustering-core\4.3.1\tribuo-clustering-core-4.3.1.jar;C:\Users\samer\.m2\repository\org\tribuo\tribuo-clustering-kmeans\4.3.1\tribuo-clustering-kmeans-4.3.1.jar;C:\Users\samer\.m2\repository\org\tribuo\tribuo-clustering-hdbscan\4.3.1\tribuo-clustering-hdbscan-4.3.1.jar;C:\Users\samer\.m2\repository\org\tribuo\tribuo-anomaly-core\4.3.1\tribuo-anomaly-core-4.3.1.jar;C:\Users\samer\.m2\repository\org\tribuo\tribuo-anomaly-liblinear\4.3.1\tribuo-anomaly-liblinear-4.3.1.jar;C:\Users\samer\.m2\repository\org\tribuo\tribuo-anomaly-libsvm\4.3.1\tribuo-anomaly-libsvm-4.3.1.jar;C:\Users\samer\.m2\repository\org\tribuo\tribuo-util-infotheory\4.3.1\tribuo-util-infotheory-4.3.1.jar;C:\Users\samer\.m2\repository\org\tribuo\tribuo-util-onnx\4.3.1\tribuo-util-onnx-4.3.1.jar;C:\Users\samer\.m2\repository\org\tribuo\tribuo-util-tokenization\4.3.1\tribuo-util-tokenization-4.3.1.jar;C:\Users\samer\.m2\repository\com\oracle\labs\olcut\olcut-core\5.2.1\olcut-core-5.2.1.jar;C:\Users\samer\.m2\repository\org\jline\jline-terminal\3.21.0\jline-terminal-3.21.0.jar;C:\Users\samer\.m2\repository\org\jline\jline-reader\3.21.0\jline-reader-3.21.0.jar;C:\Users\samer\.m2\repository\org\jline\jline-builtins\3.21.0\jline-builtins-3.21.0.jar;C:\Users\samer\.m2\repository\org\jline\jline-style\3.21.0\jline-style-3.21.0.jar;C:\Users\samer\.m2\repository\org\jline\jline-terminal-jansi\3.21.0\jline-terminal-jansi-3.21.0.jar;C:\Users\samer\.m2\repository\org\fusesource\jansi\jansi\2.4.0\jansi-2.4.0.jar;C:\Users\samer\.m2\repository\org\junit\jupiter\junit-jupiter\5.10.1\junit-jupiter-5.10.1.jar;C:\Users\samer\.m2\repository\org\junit\jupiter\junit-jupiter-api\5.10.1\junit-jupiter-api-5.10.1.jar;C:\Users\samer\.m2\repository\org\opentest4j\opentest4j\1.3.0\opentest4j-1.3.0.jar;C:\Users\samer\.m2\repository\org\junit\platform\junit-platform-commons\1.10.1\junit-platform-commons-1.10.1.jar;C:\Users\samer\.m2\repository\org\apiguardian\apiguardian-api\1.1.2\apiguardian-api-1.1.2.jar;C:\Users\samer\.m2\repository\org\junit\jupiter\junit-jupiter-params\5.10.1\junit-jupiter-params-5.10.1.jar;C:\Users\samer\.m2\repository\org\junit\jupiter\junit-jupiter-engine\5.10.1\junit-jupiter-engine-5.10.1.jar;C:\Users\samer\.m2\repository\org\junit\platform\junit-platform-engine\1.10.1\junit-platform-engine-1.10.1.jar;C:\Users\samer\.m2\repository\org\json\json\20231013\json-20231013.jar;"/>
    <property name="sun.cpu.endian" value="little"/>
    <property name="user.home" value="C:\Users\samer"/>
    <property name="user.language" value="en"/>
    <property name="java.specification.vendor" value="Oracle Corporation"/>
    <property name="java.version.date" value="2024-09-17"/>
    <property name="java.home" value="C:\Program Files\Java\jdk-23"/>
    <property name="file.separator" value="\"/>
    <property name="basedir" value="C:\Users\samer\OOP_Project"/>
    <property name="java.vm.compressedOopsMode" value="Zero based"/>
    <property name="line.separator" value="&#10;"/>
    <property name="java.vm.specification.vendor" value="Oracle Corporation"/>
    <property name="java.specification.name" value="Java Platform API Specification"/>
    <property name="surefire.real.class.path" value="C:\Users\samer\AppData\Local\Temp\surefire12110401179804462047\surefirebooter-20250123210620413_3.jar"/>
    <property name="user.script" value=""/>
    <property name="sun.management.compiler" value="HotSpot 64-Bit Tiered Compilers"/>
    <property name="java.runtime.version" value="23+37-2369"/>
    <property name="user.name" value="samer"/>
    <property name="stdout.encoding" value="Cp1252"/>
    <property name="path.separator" value=";"/>
    <property name="os.version" value="10.0"/>
    <property name="java.runtime.name" value="Java(TM) SE Runtime Environment"/>
    <property name="file.encoding" value="UTF-8"/>
    <property name="java.vm.name" value="Java HotSpot(TM) 64-Bit Server VM"/>
    <property name="localRepository" value="C:\Users\samer\.m2\repository"/>
    <property name="java.vendor.url.bug" value="https://bugreport.java.com/bugreport/"/>
    <property name="java.io.tmpdir" value="C:\Users\samer\AppData\Local\Temp\"/>
    <property name="java.version" value="23"/>
    <property name="user.dir" value="C:\Users\samer\OOP_Project"/>
    <property name="os.arch" value="amd64"/>
    <property name="java.vm.specification.name" value="Java Virtual Machine Specification"/>
    <property name="user.language.format" value="fr"/>
    <property name="sun.os.patch.level" value=""/>
    <property name="native.encoding" value="Cp1252"/>
    <property name="java.library.path" value="C:\Program Files\Java\jdk-23\bin;C:\windows\Sun\Java\bin;C:\windows\system32;C:\windows;C:\Program Files\Common Files\Oracle\Java\javapath;C:\app\samer\product\21c\dbhomeXE\bin;C:\windows\system32;C:\windows;C:\windows\System32\Wbem;C:\windows\System32\WindowsPowerShell\v1.0\;C:\windows\System32\OpenSSH\;C:\Program Files (x86)\NVIDIA Corporation\PhysX\Common;C:\Program Files\NVIDIA Corporation\NVIDIA NvDLISR;C:\mongodb-windows-x86_64-6.0.12-rc1\mongodb-win32-x86_64-windows-6.0.12-rc1\mongosh-1.10.6-win32-x64\mongosh-1.10.6-win32-x64\bin;C:\sqlite;C:\LINGO20\;C:\Program Files\Docker\Docker\resources\bin;C:\Users\samer\Downloads\apache-maven-3.9.9-bin\apache-maven-3.9.9\bin;C:\Program Files\PostgreSQL\17\bin;C:\Program Files\nodejs\;C:\Program Files\CursorModifier;C:\Program Files\Git\cmd;C:\ProgramData\chocolatey\bin;C:\Users\samer\AppData\Local\Programs\MiKTeX\miktex\bin\x64;C:\Users\samer\AppData\Local\Programs\Python\Python312\Scripts\;C:\Users\samer\AppData\Local\Programs\Python\Python312\;C:\Users\samer\AppData\Local\Microsoft\WindowsApps;C:\Users\samer\AppData\Local\Programs\Microsoft VS Code\bin;C:\Users\samer\AppData\Local\GitHubDesktop\bin;C:\Users\samer\AppData\Roaming\npm;C:\Users\samer\AppData\Local\Programs\MiKTeX\miktex\bin\x64\;."/>
    <property name="java.vm.info" value="mixed mode, sharing"/>
    <property name="stderr.encoding" value="Cp1252"/>
    <property name="java.vendor" value="Oracle Corporation"/>
    <property name="java.vm.version" value="23+37-2369"/>
    <property name="sun.io.unicode.encoding" value="UnicodeLittle"/>
    <property name="java.class.version" value="67.0"/>
  </properties>
  <testcase name="testCreateScatterPlot" classname="visualization.CovidDataVisualizerTest" time="0.185"/>
  <testcase name="testCreateHistogram" classname="visualization.CovidDataVisualizerTest" time="0.008"/>
  <testcase name="testExportChart(Path)" classname="visualization.CovidDataVisualizerTest" time="0.514"/>
</testsuite>